commit 870c701f5ed3c851259fce60ede41bca1fc15d21
Author: BlakeP32 <70182360+BlakeP32@users.noreply.github.com>
Date:   Thu Dec 3 16:31:51 2020 -0700

    unity zip
--
commit 43dd89907a3e720a26c98167c424c42f57be6670
Author: BlakeP32 <70182360+BlakeP32@users.noreply.github.com>
Date:   Thu Dec 3 16:26:51 2020 -0700

    For unity
--
commit 273ace49b90eee9a0ef58b13862784249a4b3f20
Author: BlakeP32 <70182360+BlakeP32@users.noreply.github.com>
Date:   Thu Dec 3 16:25:29 2020 -0700

    Unity exe
--
commit 2e2d45db9fd926e95a2d3618c7309ddce9cae2bc
Author: BlakeP32 <70182360+BlakeP32@users.noreply.github.com>
Date:   Wed Nov 25 17:51:31 2020 -0700

    assets folder
--
commit 14a1798b586356f181509b95271fe60d0f45bb3a
Author: BlakeP32 <70182360+BlakeP32@users.noreply.github.com>
Date:   Thu Oct 29 15:26:45 2020 -0600

    Milestone 4
--
commit 901282f81bbc60972238d3767b560e27ea3cfe13
Author: BlakeP32 <70182360+BlakeP32@users.noreply.github.com>
Date:   Thu Oct 29 14:59:29 2020 -0600

    Updated unity scripts
--
commit 57e5e1a419db4f3e445060c82fc6b576eb38b463
Author: BlakeP32 <70182360+BlakeP32@users.noreply.github.com>
Date:   Wed Oct 14 19:33:14 2020 -0600

    Add files via upload
