commit 8a0c44eef682bac333dcb9f21a748aad802348d0
Author: jakewoodtracy <58447737+jakewoodtracy@users.noreply.github.com>
Date:   Wed Dec 2 17:00:18 2020 -0700

    Update README.md
--
commit c11dbbe0e14e2b53f165676416f153943646a3e1
Author: jakewoodtracy <58447737+jakewoodtracy@users.noreply.github.com>
Date:   Wed Dec 2 16:36:25 2020 -0700

    Update README.md
--
commit d8b1b83637205edc0d3de25030508daa0b679111
Author: jakewoodtracy <58447737+jakewoodtracy@users.noreply.github.com>
Date:   Wed Dec 2 16:33:02 2020 -0700

    Update README.md
--
commit 45a682306d6793e59db1fc51896de216f9d05c06
Author: jakewoodtracy <58447737+jakewoodtracy@users.noreply.github.com>
Date:   Wed Dec 2 16:29:16 2020 -0700

    Update README.md
--
commit af7a2eb620d1f020c9521c65089a54dc98076506
Author: jakewoodtracy <58447737+jakewoodtracy@users.noreply.github.com>
Date:   Wed Dec 2 16:28:17 2020 -0700

    Update README.md
--
commit 58d6124c2bd60ad7138f70c4ba3aeb2f02c87c09
Author: jakewoodtracy <58447737+jakewoodtracy@users.noreply.github.com>
Date:   Wed Dec 2 16:22:48 2020 -0700

    Update README.md
--
commit 80063c9e9b92f0ea7e0b5039eaf8be8f7f660587
Author: jakewoodtracy <58447737+jakewoodtracy@users.noreply.github.com>
Date:   Wed Dec 2 16:19:23 2020 -0700

    Update README.md
--
commit fdfe0975d32382aa4950ab30203ca34b6a749f72
Author: jakewoodtracy <58447737+jakewoodtracy@users.noreply.github.com>
Date:   Wed Oct 28 16:19:28 2020 -0600

    Add files via upload
--
commit 4e4fc14621404a0018034f0d557a79086f42d869
Author: jakewoodtracy <58447737+jakewoodtracy@users.noreply.github.com>
Date:   Sun Oct 11 12:42:32 2020 -0600

    Update Guide- Start Button to Players Scene.txt
--
commit 1fda6a1c7a089b31e746e0fb7bd629a96c08444e
Author: jakewoodtracy <58447737+jakewoodtracy@users.noreply.github.com>
Date:   Sun Oct 11 12:40:39 2020 -0600

    Add files via upload
--
Merge: c7e7ff6 77ff5f3
Author: jakewoodtracy <58447737+jakewoodtracy@users.noreply.github.com>
Date:   Sun Sep 20 11:41:41 2020 -0600

    Merge pull request #5 from CSCI-3308-CU-Boulder/Jake2
--
commit 77ff5f3ed805adb4bc82f85a0840a34404c27634
Author: jakewoodtracy <jakewoodtracy@gmail.com>
Date:   Sun Sep 20 11:36:21 2020 -0600

    commas added
--
commit c7e7ff6e7c04a877aabb6fcbe5dfbe89d1fb8a62
Author: jakewoodtracy <jakewoodtracy@gmail.com>
Date:   Sun Sep 20 11:11:05 2020 -0600

    jake added to list
